# JRE version: OpenJDK Runtime Environment (16.0.2+7) (build 16.0.2+7-67)
# Java VM: OpenJDK 64-Bit Server VM (16.0.2+7-67, mixed mode, tiered, compressed oops, compressed class ptrs, g1 gc, windows-amd64)
GC Precious Log:
 CPUs: 4 total, 4 available
 Memory: 16264M
 Large Page Support: Disabled
 NUMA Support: Disabled
 Compressed Oops: Enabled (Zero based)
 Heap Region Size: 2M
 Heap Min Capacity: 8M
 Heap Initial Capacity: 256M
 Heap Max Capacity: 4068M
 Pre-touch: Disabled
 Parallel Workers: 4
 Concurrent Workers: 1
 Concurrent Refinement Workers: 4
 Periodic GC: Disabled
Heap:
 garbage-first heap   total 151552K, used 19042K [0x0000000701c00000, 0x0000000800000000)
  region size 2048K, 8 young (16384K), 3 survivors (6144K)
 Metaspace       used 35237K, committed 35520K, reserved 1081344K
  class space    used 3878K, committed 4032K, reserved 1048576K
GC Heap History (16 events):
Event: 1.099 GC heap before
{Heap before GC invocations=0 (full 0):
 garbage-first heap   total 262144K, used 12288K [0x0000000701c00000, 0x0000000800000000)
  region size 2048K, 6 young (12288K), 0 survivors (0K)
 Metaspace       used 10628K, committed 10816K, reserved 1064960K
  class space    used 910K, committed 1024K, reserved 1048576K
}
Event: 1.102 GC heap after
{Heap after GC invocations=1 (full 0):
 garbage-first heap   total 262144K, used 3140K [0x0000000701c00000, 0x0000000800000000)
  region size 2048K, 1 young (2048K), 1 survivors (2048K)
 Metaspace       used 10628K, committed 10816K, reserved 1064960K
  class space    used 910K, committed 1024K, reserved 1048576K
}
Event: 1.331 GC heap before
{Heap before GC invocations=1 (full 0):
 garbage-first heap   total 262144K, used 13380K [0x0000000701c00000, 0x0000000800000000)
  region size 2048K, 7 young (14336K), 1 survivors (2048K)
 Metaspace       used 13135K, committed 13312K, reserved 1064960K
  class space    used 1177K, committed 1280K, reserved 1048576K
}
Event: 1.334 GC heap after
{Heap after GC invocations=2 (full 0):
 garbage-first heap   total 262144K, used 4415K [0x0000000701c00000, 0x0000000800000000)
  region size 2048K, 1 young (2048K), 1 survivors (2048K)
 Metaspace       used 13135K, committed 13312K, reserved 1064960K
  class space    used 1177K, committed 1280K, reserved 1048576K
}
Event: 1.892 GC heap before
{Heap before GC invocations=2 (full 0):
 garbage-first heap   total 262144K, used 31039K [0x0000000701c00000, 0x0000000800000000)
  region size 2048K, 15 young (30720K), 1 survivors (2048K)
 Metaspace       used 17393K, committed 17600K, reserved 1064960K
  class space    used 1690K, committed 1792K, reserved 1048576K
}
Event: 1.896 GC heap after
{Heap after GC invocations=3 (full 0):
 garbage-first heap   total 262144K, used 5449K [0x0000000701c00000, 0x0000000800000000)
  region size 2048K, 2 young (4096K), 2 survivors (4096K)
 Metaspace       used 17393K, committed 17600K, reserved 1064960K
  class space    used 1690K, committed 1792K, reserved 1048576K
}
Event: 2.450 GC heap before
{Heap before GC invocations=3 (full 0):
 garbage-first heap   total 262144K, used 34121K [0x0000000701c00000, 0x0000000800000000)
  region size 2048K, 18 young (36864K), 2 survivors (4096K)
 Metaspace       used 20990K, committed 21248K, reserved 1073152K
  class space    used 2155K, committed 2304K, reserved 1048576K
}
Event: 2.456 GC heap after
{Heap after GC invocations=4 (full 0):
 garbage-first heap   total 262144K, used 6441K [0x0000000701c00000, 0x0000000800000000)
  region size 2048K, 2 young (4096K), 2 survivors (4096K)
 Metaspace       used 20990K, committed 21248K, reserved 1073152K
  class space    used 2155K, committed 2304K, reserved 1048576K
}
Event: 2.727 GC heap before
{Heap before GC invocations=5 (full 0):
 garbage-first heap   total 34816K, used 31017K [0x0000000701c00000, 0x0000000800000000)
  region size 2048K, 15 young (30720K), 2 survivors (4096K)
 Metaspace       used 23447K, committed 23744K, reserved 1073152K
  class space    used 2422K, committed 2560K, reserved 1048576K
}
Event: 2.732 GC heap after
{Heap after GC invocations=6 (full 0):
 garbage-first heap   total 38912K, used 6915K [0x0000000701c00000, 0x0000000800000000)
  region size 2048K, 2 young (4096K), 2 survivors (4096K)
 Metaspace       used 23447K, committed 23744K, reserved 1073152K
  class space    used 2422K, committed 2560K, reserved 1048576K
}
Event: 2.885 GC heap before
{Heap before GC invocations=6 (full 0):
 garbage-first heap   total 38912K, used 25347K [0x0000000701c00000, 0x0000000800000000)
  region size 2048K, 11 young (22528K), 2 survivors (4096K)
 Metaspace       used 25094K, committed 25344K, reserved 1073152K
  class space    used 2635K, committed 2752K, reserved 1048576K
}
Event: 2.893 GC heap after
{Heap after GC invocations=7 (full 0):
 garbage-first heap   total 38912K, used 7307K [0x0000000701c00000, 0x0000000800000000)
  region size 2048K, 1 young (2048K), 1 survivors (2048K)
 Metaspace       used 25094K, committed 25344K, reserved 1073152K
  class space    used 2635K, committed 2752K, reserved 1048576K
}
Event: 3.289 GC heap before
{Heap before GC invocations=7 (full 0):
 garbage-first heap   total 38912K, used 23691K [0x0000000701c00000, 0x0000000800000000)
  region size 2048K, 10 young (20480K), 1 survivors (2048K)
 Metaspace       used 26615K, committed 26816K, reserved 1073152K
  class space    used 2838K, committed 2944K, reserved 1048576K
}
Event: 3.292 GC heap after
{Heap after GC invocations=8 (full 0):
 garbage-first heap   total 151552K, used 7669K [0x0000000701c00000, 0x0000000800000000)
  region size 2048K, 2 young (4096K), 2 survivors (4096K)
 Metaspace       used 26615K, committed 26816K, reserved 1073152K
  class space    used 2838K, committed 2944K, reserved 1048576K
}
Event: 6.239 GC heap before
{Heap before GC invocations=8 (full 0):
 garbage-first heap   total 151552K, used 93685K [0x0000000701c00000, 0x0000000800000000)
  region size 2048K, 44 young (90112K), 2 survivors (4096K)
 Metaspace       used 34468K, committed 34816K, reserved 1081344K
  class space    used 3778K, committed 3968K, reserved 1048576K
}
Event: 6.249 GC heap after
{Heap after GC invocations=9 (full 0):
 garbage-first heap   total 151552K, used 10850K [0x0000000701c00000, 0x0000000800000000)
  region size 2048K, 3 young (6144K), 3 survivors (6144K)
 Metaspace       used 34468K, committed 34816K, reserved 1081344K
  class space    used 3778K, committed 3968K, reserved 1048576K
}

